Start testing: May 12 13:32 Central Daylight Time
----------------------------------------------------------
1/1 Testing: CPUTest.RunInlineProgram
1/1 Test: CPUTest.RunInlineProgram
Command: "C:/Users/obliv/Desktop/C Practice/CPUEmulator6502/build/Debug/main_6502_test.exe" "--gtest_filter=CPUTest.RunInlineProgram" "--gtest_also_run_disabled_tests"
Directory: C:/Users/obliv/Desktop/C Practice/CPUEmulator6502/build
"CPUTest.RunInlineProgram" start time: May 12 13:32 Central Daylight Time
Output:
----------------------------------------------------------
Running main() from C:\Users\obliv\Desktop\C Practice\CPUEmulator6502\build\_deps\googletest-src\googletest\src\gtest_main.cc
Note: Google Test filter = CPUTest.RunInlineProgram
[==========] Running 1 test from 1 test suite.
[----------] Global test environment set-up.
[----------] 1 test from CPUTest
[ RUN      ] CPUTest.RunInlineProgram
[       OK ] CPUTest.RunInlineProgram (0 ms)
[----------] 1 test from CPUTest (0 ms total)

[----------] Global test environment tear-down
[==========] 1 test from 1 test suite ran. (0 ms total)
[  PASSED  ] 1 test.
<end of output>
Test time =   0.03 sec
----------------------------------------------------------
Test Passed.
"CPUTest.RunInlineProgram" end time: May 12 13:32 Central Daylight Time
"CPUTest.RunInlineProgram" time elapsed: 00:00:00
----------------------------------------------------------

End testing: May 12 13:32 Central Daylight Time
